
*** Imported 92 new test cases from: out/mv/queue

[+] AFL test case: id:000000,orig:sample1.in (0 / 92), cycle: 0
    Non-zero exit status '1' for CMD: cat out/mv/queue/id:000000,orig:sample1.in | ./coreutils/src/mv
mv: missing file operand
Try 'mv --help' for more information.
    lines......: 1.7% (106 of 6346 lines)
    functions..: 2.7% (8 of 299 functions)
    branches...: 2.5% (33 of 1316 branches)

    Coverage diff (init) id:000000,orig:sample1.in
diff (init) -> id:000000,orig:sample1.in
New src file: /root/coreutils/src/copy.c
  New 'function' coverage: cp_options_default()
  New 'line' coverage: 2943
  New 'line' coverage: 2945
  New 'line' coverage: 2959
  New 'line' coverage: 2961
New src file: /root/coreutils/src/mv.c
  New 'function' coverage: cp_option_init()
  New 'function' coverage: main()
  New 'function' coverage: target_directory_operand()
  New 'function' coverage: usage()
  New 'line' coverage: 103
  New 'line' coverage: 105
  New 'line' coverage: 107
  New 'line' coverage: 108
  New 'line' coverage: 109
  New 'line' coverage: 110
  New 'line' coverage: 111
  New 'line' coverage: 112
  New 'line' coverage: 113
  New 'line' coverage: 114
  New 'line' coverage: 115
  New 'line' coverage: 116
  New 'line' coverage: 117
  New 'line' coverage: 118
  New 'line' coverage: 119
  New 'line' coverage: 120
  New 'line' coverage: 121
  New 'line' coverage: 122
  New 'line' coverage: 123
  New 'line' coverage: 124
  New 'line' coverage: 125
  New 'line' coverage: 126
  New 'line' coverage: 127
  New 'line' coverage: 128
  New 'line' coverage: 129
  New 'line' coverage: 130
  New 'line' coverage: 131
  New 'line' coverage: 132
  New 'line' coverage: 133
  New 'line' coverage: 134
  New 'line' coverage: 135
  New 'line' coverage: 137
  New 'line' coverage: 138
  New 'line' coverage: 139
  New 'line' coverage: 140
  New 'line' coverage: 141
  New 'line' coverage: 142
  New 'line' coverage: 149
  New 'line' coverage: 152
  New 'line' coverage: 153
  New 'line' coverage: 154
  New 'line' coverage: 156
  New 'line' coverage: 281
  New 'line' coverage: 283
  New 'line' coverage: 284
  New 'line' coverage: 340
  New 'line' coverage: 344
  New 'line' coverage: 346
  New 'line' coverage: 349
  New 'line' coverage: 351
  New 'line' coverage: 353
  New 'line' coverage: 354
  New 'line' coverage: 357
  New 'line' coverage: 360
  New 'line' coverage: 361
  New 'line' coverage: 362
  New 'line' coverage: 363
  New 'line' coverage: 365
  New 'line' coverage: 367
  New 'line' coverage: 374
  New 'line' coverage: 376
  New 'line' coverage: 379
  New 'line' coverage: 390
  New 'line' coverage: 391
  New 'line' coverage: 438
  New 'line' coverage: 442
  New 'line' coverage: 443
  New 'line' coverage: 445
  New 'line' coverage: 447
  New 'line' coverage: 448
  New 'line' coverage: 450
  New 'line' coverage: 452
  New 'line' coverage: 455
  New 'line' coverage: 467
  New 'line' coverage: 469
  New 'line' coverage: 470
  New 'line' coverage: 472
  New 'line' coverage: 473
  New 'line' coverage: 477
  New 'line' coverage: 484
  New 'line' coverage: 487
  New 'line' coverage: 492
  New 'line' coverage: 494
New src file: /root/coreutils/src/system.h
  New 'function' coverage: emit_try_help()
  New 'line' coverage: 654
  New 'line' coverage: 656
  New 'line' coverage: 657
New src file: /root/coreutils/src/cp-hash.c
  New 'function' coverage: hash_init()
  New 'line' coverage: 147
  New 'line' coverage: 149
  New 'line' coverage: 153
  New 'line' coverage: 155
New src file: /root/afl/experimental/argv_fuzzing/argv-fuzz-inl.h
  New 'function' coverage: afl_init_argv()
  New 'line' coverage: 50
  New 'line' coverage: 55
  New 'line' coverage: 56
  New 'line' coverage: 58
  New 'line' coverage: 60
  New 'line' coverage: 62
  New 'line' coverage: 63
  New 'line' coverage: 64
  New 'line' coverage: 66
  New 'line' coverage: 67
  New 'line' coverage: 71
  New 'line' coverage: 73



++++++ BEGIN - first exec output for CMD: cat out/mv/queue/id:000000,orig:sample1.in | ./coreutils/src/mv
    mv: missing file operand
    Try 'mv --help' for more information.
++++++ END

[+] AFL test case: id:000001,orig:sample2.in (1 / 92), cycle: 0
    lines......: 1.7% (108 of 6346 lines)
    functions..: 2.7% (8 of 299 functions)
    branches...: 2.6% (34 of 1316 branches)

    Coverage diff id:000000,orig:sample1.in id:000001,orig:sample2.in
diff id:000000,orig:sample1.in -> id:000001,orig:sample2.in
Src file: /root/coreutils/src/mv.c
  New 'line' coverage: 420
  New 'line' coverage: 421

[+] AFL test case: id:000002,orig:sample3.in (2 / 92), cycle: 0
    lines......: 1.7% (108 of 6346 lines)
    functions..: 2.7% (8 of 299 functions)
    branches...: 2.6% (34 of 1316 branches)
[+] AFL test case: id:000003,orig:sample4.in (3 / 92), cycle: 0
    lines......: 1.7% (109 of 6346 lines)
    functions..: 2.7% (8 of 299 functions)
    branches...: 2.7% (35 of 1316 branches)

    Coverage diff id:000002,orig:sample3.in id:000003,orig:sample4.in
diff id:000002,orig:sample3.in -> id:000003,orig:sample4.in
Src file: /root/coreutils/src/mv.c
  New 'line' coverage: 436

[+] AFL test case: id:000004,orig:sample5.in (4 / 92), cycle: 0
    lines......: 1.7% (109 of 6346 lines)
    functions..: 2.7% (8 of 299 functions)
    branches...: 2.7% (35 of 1316 branches)
[+] AFL test case: id:000005,src:000001,op:flip1,pos:0,+cov (5 / 92), cycle: 0
    lines......: 1.7% (109 of 6346 lines)
    functions..: 2.7% (8 of 299 functions)
    branches...: 2.7% (35 of 1316 branches)
[+] AFL test case: id:000006,src:000001,op:arith8,pos:0,val:-30,+cov (6 / 92), cycle: 0
    lines......: 1.7% (109 of 6346 lines)
    functions..: 2.7% (8 of 299 functions)
    branches...: 2.7% (35 of 1316 branches)
[+] AFL test case: id:000007,src:000001,op:int8,pos:1,val:+0,+cov (7 / 92), cycle: 0
    lines......: 1.8% (114 of 6346 lines)
    functions..: 2.7% (8 of 299 functions)
    branches...: 3.0% (40 of 1316 branches)

    Coverage diff id:000006,src:000001,op:arith8,pos:0,val:-30,+cov id:000007,src:000001,op:int8,pos:1,val:+0,+cov
diff id:000006,src:000001,op:arith8,pos:0,val:-30,+cov -> id:000007,src:000001,op:int8,pos:1,val:+0,+cov
Src file: /root/coreutils/src/mv.c
  New 'line' coverage: 423
  New 'line' coverage: 424
  New 'line' coverage: 425
  New 'line' coverage: 485
  New 'line' coverage: 488

[+] AFL test case: id:000008,src:000001,op:int8,pos:2,val:+0,+cov (8 / 92), cycle: 0
    lines......: 1.8% (114 of 6346 lines)
    functions..: 2.7% (8 of 299 functions)
    branches...: 3.0% (40 of 1316 branches)
[+] AFL test case: id:000009,src:000001,op:int8,pos:3,val:+0 (9 / 92), cycle: 0
    lines......: 1.8% (116 of 6346 lines)
    functions..: 2.7% (8 of 299 functions)
    branches...: 3.1% (41 of 1316 branches)

    Coverage diff id:000008,src:000001,op:int8,pos:2,val:+0,+cov id:000009,src:000001,op:int8,pos:3,val:+0
diff id:000008,src:000001,op:int8,pos:2,val:+0,+cov -> id:000009,src:000001,op:int8,pos:3,val:+0
Src file: /root/coreutils/src/mv.c
  New 'line' coverage: 387
  New 'line' coverage: 388

[+] AFL test case: id:000010,src:000001,op:int8,pos:6,val:+0 (10 / 92), cycle: 0
    lines......: 1.8% (116 of 6346 lines)
    functions..: 2.7% (8 of 299 functions)
    branches...: 3.1% (41 of 1316 branches)
[+] AFL test case: id:000011,src:000001,op:int8,pos:7,val:+0 (11 / 92), cycle: 0
    lines......: 1.8% (116 of 6346 lines)
    functions..: 2.7% (8 of 299 functions)
    branches...: 3.1% (41 of 1316 branches)
[+] AFL test case: id:000012,src:000001,op:int8,pos:8,val:+0 (12 / 92), cycle: 0
    lines......: 1.8% (116 of 6346 lines)
    functions..: 2.7% (8 of 299 functions)
    branches...: 3.1% (41 of 1316 branches)
[+] AFL test case: id:000013,src:000001,op:int8,pos:9,val:+0 (13 / 92), cycle: 0
    lines......: 1.8% (116 of 6346 lines)
    functions..: 2.7% (8 of 299 functions)
    branches...: 3.1% (41 of 1316 branches)
[+] AFL test case: id:000014,src:000001,op:int16,pos:0,val:be:+512,+cov (14 / 92), cycle: 0
    lines......: 1.8% (116 of 6346 lines)
    functions..: 2.7% (8 of 299 functions)
    branches...: 3.1% (41 of 1316 branches)
[+] AFL test case: id:000015,src:000001,op:int16,pos:1,val:be:+32,+cov (15 / 92), cycle: 0
    lines......: 1.8% (116 of 6346 lines)
    functions..: 2.7% (8 of 299 functions)
    branches...: 3.1% (41 of 1316 branches)
[+] AFL test case: id:000016,src:000001,op:int16,pos:1,val:be:+64,+cov (16 / 92), cycle: 0
    lines......: 1.8% (116 of 6346 lines)
    functions..: 2.7% (8 of 299 functions)
    branches...: 3.1% (41 of 1316 branches)
[+] AFL test case: id:000017,src:000001,op:int16,pos:1,val:be:+100 (17 / 92), cycle: 0
    lines......: 1.8% (116 of 6346 lines)
    functions..: 2.7% (8 of 299 functions)
    branches...: 3.2% (42 of 1316 branches)
[+] AFL test case: id:000018,src:000001,op:int16,pos:1,val:be:+127,+cov (18 / 92), cycle: 0
    lines......: 1.8% (116 of 6346 lines)
    functions..: 2.7% (8 of 299 functions)
    branches...: 3.2% (42 of 1316 branches)
[+] AFL test case: id:000019,src:000001,op:int16,pos:1,val:+512,+cov (19 / 92), cycle: 0
    lines......: 1.8% (116 of 6346 lines)
    functions..: 2.7% (8 of 299 functions)
    branches...: 3.2% (42 of 1316 branches)
[+] AFL test case: id:000020,src:000001,op:int16,pos:2,val:+0 (20 / 92), cycle: 0
    lines......: 1.8% (116 of 6346 lines)
    functions..: 2.7% (8 of 299 functions)
    branches...: 3.2% (42 of 1316 branches)
[+] AFL test case: id:000021,src:000001,op:int16,pos:3,val:+0 (21 / 92), cycle: 0
    lines......: 1.8% (116 of 6346 lines)
    functions..: 2.7% (8 of 299 functions)
    branches...: 3.2% (42 of 1316 branches)
[+] AFL test case: id:000022,src:000001,op:int16,pos:4,val:+0 (22 / 92), cycle: 0
    lines......: 1.8% (116 of 6346 lines)
    functions..: 2.7% (8 of 299 functions)
    branches...: 3.2% (42 of 1316 branches)
[+] AFL test case: id:000023,src:000001,op:int16,pos:8,val:be:+127,+cov (23 / 92), cycle: 0
    lines......: 1.8% (116 of 6346 lines)
    functions..: 2.7% (8 of 299 functions)
    branches...: 3.2% (42 of 1316 branches)
[+] AFL test case: id:000024,src:000001,op:int16,pos:9,val:+512,+cov (24 / 92), cycle: 0
    lines......: 1.8% (116 of 6346 lines)
    functions..: 2.7% (8 of 299 functions)
    branches...: 3.2% (42 of 1316 branches)
[+] AFL test case: id:000025,src:000001,op:int32,pos:1,val:-32768,+cov (25 / 92), cycle: 0
    lines......: 1.8% (116 of 6346 lines)
    functions..: 2.7% (8 of 299 functions)
    branches...: 3.2% (42 of 1316 branches)
[+] AFL test case: id:000026,src:000001,op:havoc,rep:64,+cov (26 / 92), cycle: 0
    lines......: 1.8% (116 of 6346 lines)
    functions..: 2.7% (8 of 299 functions)
    branches...: 3.2% (42 of 1316 branches)
[+] AFL test case: id:000027,src:000001,op:havoc,rep:64,+cov (27 / 92), cycle: 0
    lines......: 1.8% (116 of 6346 lines)
    functions..: 2.7% (8 of 299 functions)
    branches...: 3.2% (42 of 1316 branches)
[+] AFL test case: id:000028,src:000001,op:havoc,rep:128,+cov (28 / 92), cycle: 0
    lines......: 1.8% (116 of 6346 lines)
    functions..: 2.7% (8 of 299 functions)
    branches...: 3.2% (42 of 1316 branches)
[+] AFL test case: id:000029,src:000001,op:havoc,rep:64 (29 / 92), cycle: 0
    lines......: 1.8% (116 of 6346 lines)
    functions..: 2.7% (8 of 299 functions)
    branches...: 3.2% (42 of 1316 branches)
[+] AFL test case: id:000030,src:000001,op:havoc,rep:32 (30 / 92), cycle: 0
    lines......: 1.9% (119 of 6346 lines)
    functions..: 2.7% (8 of 299 functions)
    branches...: 3.4% (45 of 1316 branches)

    Coverage diff id:000029,src:000001,op:havoc,rep:64 id:000030,src:000001,op:havoc,rep:32
diff id:000029,src:000001,op:havoc,rep:64 -> id:000030,src:000001,op:havoc,rep:32
Src file: /root/coreutils/src/mv.c
  New 'line' coverage: 399
  New 'line' coverage: 404
  New 'line' coverage: 405

[+] AFL test case: id:000031,src:000001,op:havoc,rep:128 (31 / 92), cycle: 0
    lines......: 2.0% (125 of 6346 lines)
    functions..: 2.7% (8 of 299 functions)
    branches...: 3.8% (50 of 1316 branches)

    Coverage diff id:000030,src:000001,op:havoc,rep:32 id:000031,src:000001,op:havoc,rep:128
diff id:000030,src:000001,op:havoc,rep:32 -> id:000031,src:000001,op:havoc,rep:128
Src file: /root/coreutils/src/mv.c
  New 'line' coverage: 382
  New 'line' coverage: 383
  New 'line' coverage: 393
  New 'line' coverage: 394
  New 'line' coverage: 417
  New 'line' coverage: 418

[+] AFL test case: id:000032,src:000001,op:havoc,rep:32 (32 / 92), cycle: 0
    lines......: 2.0% (125 of 6346 lines)
    functions..: 2.7% (8 of 299 functions)
    branches...: 3.8% (50 of 1316 branches)
[+] AFL test case: id:000033,src:000001,op:havoc,rep:128 (33 / 92), cycle: 0
    lines......: 2.0% (125 of 6346 lines)
    functions..: 2.7% (8 of 299 functions)
    branches...: 3.8% (50 of 1316 branches)
[+] AFL test case: id:000034,src:000001,op:havoc,rep:8 (34 / 92), cycle: 0
    lines......: 2.0% (125 of 6346 lines)
    functions..: 2.7% (8 of 299 functions)
    branches...: 3.8% (50 of 1316 branches)
[+] AFL test case: id:000035,src:000001,op:havoc,rep:16,+cov (35 / 92), cycle: 0
    lines......: 2.0% (125 of 6346 lines)
    functions..: 2.7% (8 of 299 functions)
    branches...: 3.8% (50 of 1316 branches)
[+] AFL test case: id:000036,src:000001,op:havoc,rep:8 (36 / 92), cycle: 0
    lines......: 2.0% (125 of 6346 lines)
    functions..: 2.7% (8 of 299 functions)
    branches...: 3.8% (50 of 1316 branches)
[+] AFL test case: id:000037,src:000001,op:havoc,rep:128 (37 / 92), cycle: 0
    lines......: 2.0% (125 of 6346 lines)
    functions..: 2.7% (8 of 299 functions)
    branches...: 3.8% (50 of 1316 branches)
[+] AFL test case: id:000038,src:000001,op:havoc,rep:64 (38 / 92), cycle: 0
    lines......: 2.0% (125 of 6346 lines)
    functions..: 2.7% (8 of 299 functions)
    branches...: 3.8% (50 of 1316 branches)
[+] AFL test case: id:000039,src:000001,op:havoc,rep:32 (39 / 92), cycle: 0
    lines......: 2.0% (125 of 6346 lines)
    functions..: 2.7% (8 of 299 functions)
    branches...: 3.8% (50 of 1316 branches)
[+] AFL test case: id:000040,src:000001,op:havoc,rep:32 (40 / 92), cycle: 0
    lines......: 2.0% (125 of 6346 lines)
    functions..: 2.7% (8 of 299 functions)
    branches...: 3.8% (50 of 1316 branches)
[+] AFL test case: id:000041,src:000001,op:havoc,rep:16 (41 / 92), cycle: 0
    lines......: 2.0% (125 of 6346 lines)
    functions..: 2.7% (8 of 299 functions)
    branches...: 3.8% (50 of 1316 branches)
[+] AFL test case: id:000042,src:000001,op:havoc,rep:128 (42 / 92), cycle: 0
    lines......: 2.0% (125 of 6346 lines)
    functions..: 2.7% (8 of 299 functions)
    branches...: 3.8% (50 of 1316 branches)
[+] AFL test case: id:000043,src:000001,op:havoc,rep:32,+cov (43 / 92), cycle: 0
    lines......: 2.0% (125 of 6346 lines)
    functions..: 2.7% (8 of 299 functions)
    branches...: 3.8% (50 of 1316 branches)
[+] AFL test case: id:000044,src:000001,op:havoc,rep:16,+cov (44 / 92), cycle: 0
    lines......: 2.0% (125 of 6346 lines)
    functions..: 2.7% (8 of 299 functions)
    branches...: 3.8% (50 of 1316 branches)
[+] AFL test case: id:000045,src:000001,op:havoc,rep:16 (45 / 92), cycle: 0
    lines......: 2.0% (125 of 6346 lines)
    functions..: 2.7% (8 of 299 functions)
    branches...: 3.8% (50 of 1316 branches)
[+] AFL test case: id:000046,src:000001,op:havoc,rep:32 (46 / 92), cycle: 0
    lines......: 2.0% (125 of 6346 lines)
    functions..: 2.7% (8 of 299 functions)
    branches...: 3.8% (50 of 1316 branches)
[+] AFL test case: id:000047,src:000001,op:havoc,rep:8 (47 / 92), cycle: 0
    lines......: 2.0% (125 of 6346 lines)
    functions..: 2.7% (8 of 299 functions)
    branches...: 3.8% (50 of 1316 branches)
[+] AFL test case: id:000048,src:000001,op:havoc,rep:32 (48 / 92), cycle: 0
    lines......: 2.0% (125 of 6346 lines)
    functions..: 2.7% (8 of 299 functions)
    branches...: 3.8% (50 of 1316 branches)
[+] AFL test case: id:000049,src:000001,op:havoc,rep:64 (49 / 92), cycle: 0
    lines......: 2.0% (125 of 6346 lines)
    functions..: 2.7% (8 of 299 functions)
    branches...: 3.8% (50 of 1316 branches)
[+] AFL test case: id:000050,src:000001,op:havoc,rep:8 (50 / 92), cycle: 0
    lines......: 2.0% (125 of 6346 lines)
    functions..: 2.7% (8 of 299 functions)
    branches...: 3.8% (50 of 1316 branches)
[+] AFL test case: id:000051,src:000001,op:havoc,rep:64 (51 / 92), cycle: 0
    lines......: 2.0% (125 of 6346 lines)
    functions..: 2.7% (8 of 299 functions)
    branches...: 3.8% (50 of 1316 branches)
[+] AFL test case: id:000052,src:000001,op:havoc,rep:8,+cov (52 / 92), cycle: 0
    lines......: 2.0% (125 of 6346 lines)
    functions..: 2.7% (8 of 299 functions)
    branches...: 3.8% (50 of 1316 branches)
[+] AFL test case: id:000053,src:000001,op:havoc,rep:2,+cov (53 / 92), cycle: 0
    lines......: 2.0% (125 of 6346 lines)
    functions..: 2.7% (8 of 299 functions)
    branches...: 3.8% (50 of 1316 branches)
[+] AFL test case: id:000054,src:000001,op:havoc,rep:128 (54 / 92), cycle: 0
    lines......: 2.0% (125 of 6346 lines)
    functions..: 2.7% (8 of 299 functions)
    branches...: 3.8% (50 of 1316 branches)
[+] AFL test case: id:000055,src:000001,op:havoc,rep:32,+cov (55 / 92), cycle: 0
    lines......: 2.0% (125 of 6346 lines)
    functions..: 2.7% (8 of 299 functions)
    branches...: 3.8% (50 of 1316 branches)
[+] AFL test case: id:000056,src:000001,op:havoc,rep:64 (56 / 92), cycle: 0
    lines......: 2.0% (125 of 6346 lines)
    functions..: 2.7% (8 of 299 functions)
    branches...: 3.8% (50 of 1316 branches)
[+] AFL test case: id:000057,src:000001,op:havoc,rep:16 (57 / 92), cycle: 0
    lines......: 2.0% (125 of 6346 lines)
    functions..: 2.7% (8 of 299 functions)
    branches...: 3.8% (50 of 1316 branches)
[+] AFL test case: id:000058,src:000001,op:havoc,rep:32 (58 / 92), cycle: 0
    lines......: 2.0% (125 of 6346 lines)
    functions..: 2.7% (8 of 299 functions)
    branches...: 3.8% (50 of 1316 branches)
[+] AFL test case: id:000059,src:000001,op:havoc,rep:8 (59 / 92), cycle: 0
    lines......: 2.0% (125 of 6346 lines)
    functions..: 2.7% (8 of 299 functions)
    branches...: 3.8% (50 of 1316 branches)
[+] AFL test case: id:000060,src:000001,op:havoc,rep:64 (60 / 92), cycle: 0
    lines......: 2.0% (125 of 6346 lines)
    functions..: 2.7% (8 of 299 functions)
    branches...: 3.8% (50 of 1316 branches)
[+] AFL test case: id:000061,src:000001,op:havoc,rep:64 (61 / 92), cycle: 0
    lines......: 2.0% (125 of 6346 lines)
    functions..: 2.7% (8 of 299 functions)
    branches...: 3.8% (50 of 1316 branches)
[+] AFL test case: id:000062,src:000001,op:havoc,rep:64,+cov (62 / 92), cycle: 0
    lines......: 2.0% (125 of 6346 lines)
    functions..: 2.7% (8 of 299 functions)
    branches...: 3.8% (50 of 1316 branches)
[+] AFL test case: id:000063,src:000001,op:havoc,rep:16 (63 / 92), cycle: 0
    lines......: 2.0% (125 of 6346 lines)
    functions..: 2.7% (8 of 299 functions)
    branches...: 3.8% (50 of 1316 branches)
[+] AFL test case: id:000064,src:000001,op:havoc,rep:2 (64 / 92), cycle: 0
    lines......: 2.0% (125 of 6346 lines)
    functions..: 2.7% (8 of 299 functions)
    branches...: 3.8% (50 of 1316 branches)
[+] AFL test case: id:000065,src:000001,op:havoc,rep:128 (65 / 92), cycle: 0
    lines......: 2.0% (125 of 6346 lines)
    functions..: 2.7% (8 of 299 functions)
    branches...: 3.8% (50 of 1316 branches)
[+] AFL test case: id:000066,src:000001,op:havoc,rep:32 (66 / 92), cycle: 0
    lines......: 2.0% (127 of 6346 lines)
    functions..: 2.7% (8 of 299 functions)
    branches...: 4.3% (56 of 1316 branches)

    Coverage diff id:000065,src:000001,op:havoc,rep:128 id:000066,src:000001,op:havoc,rep:32
diff id:000065,src:000001,op:havoc,rep:128 -> id:000066,src:000001,op:havoc,rep:32
Src file: /root/coreutils/src/mv.c
  New 'line' coverage: 471
  New 'line' coverage: 501

[+] AFL test case: id:000067,src:000001,op:havoc,rep:16 (67 / 92), cycle: 0
    lines......: 2.0% (127 of 6346 lines)
    functions..: 2.7% (8 of 299 functions)
    branches...: 4.3% (56 of 1316 branches)
[+] AFL test case: id:000068,src:000001,op:havoc,rep:64 (68 / 92), cycle: 0
    lines......: 2.0% (127 of 6346 lines)
    functions..: 2.7% (8 of 299 functions)
    branches...: 4.3% (56 of 1316 branches)
[+] AFL test case: id:000069,src:000001,op:havoc,rep:8 (69 / 92), cycle: 0
    lines......: 2.0% (127 of 6346 lines)
    functions..: 2.7% (8 of 299 functions)
    branches...: 4.3% (56 of 1316 branches)
[+] AFL test case: id:000070,src:000001,op:havoc,rep:64 (70 / 92), cycle: 0
    lines......: 2.0% (127 of 6346 lines)
    functions..: 2.7% (8 of 299 functions)
    branches...: 4.3% (56 of 1316 branches)
[+] AFL test case: id:000071,src:000001,op:havoc,rep:2,+cov (71 / 92), cycle: 0
    lines......: 2.0% (127 of 6346 lines)
    functions..: 2.7% (8 of 299 functions)
    branches...: 4.3% (56 of 1316 branches)
[+] AFL test case: id:000072,src:000001,op:havoc,rep:32 (72 / 92), cycle: 0
    lines......: 2.0% (127 of 6346 lines)
    functions..: 2.7% (8 of 299 functions)
    branches...: 4.3% (56 of 1316 branches)
[+] AFL test case: id:000073,src:000001,op:havoc,rep:128 (73 / 92), cycle: 0
    lines......: 2.0% (127 of 6346 lines)
    functions..: 2.7% (8 of 299 functions)
    branches...: 4.3% (56 of 1316 branches)
[+] AFL test case: id:000074,src:000001,op:havoc,rep:64,+cov (74 / 92), cycle: 0
    lines......: 2.0% (127 of 6346 lines)
    functions..: 2.7% (8 of 299 functions)
    branches...: 4.3% (56 of 1316 branches)
[+] AFL test case: id:000075,src:000001,op:havoc,rep:4,+cov (75 / 92), cycle: 0
    lines......: 2.0% (127 of 6346 lines)
    functions..: 2.7% (8 of 299 functions)
    branches...: 4.3% (56 of 1316 branches)
[+] AFL test case: id:000076,src:000001,op:havoc,rep:16 (76 / 92), cycle: 0
    lines......: 2.0% (127 of 6346 lines)
    functions..: 2.7% (8 of 299 functions)
    branches...: 4.3% (56 of 1316 branches)
[+] AFL test case: id:000077,src:000001,op:havoc,rep:32 (77 / 92), cycle: 0
    lines......: 2.0% (127 of 6346 lines)
    functions..: 2.7% (8 of 299 functions)
    branches...: 4.3% (56 of 1316 branches)
[+] AFL test case: id:000078,src:000001,op:havoc,rep:64 (78 / 92), cycle: 0
    lines......: 2.0% (127 of 6346 lines)
    functions..: 2.7% (8 of 299 functions)
    branches...: 4.3% (56 of 1316 branches)
[+] AFL test case: id:000079,src:000001,op:havoc,rep:4 (79 / 92), cycle: 0
    lines......: 2.0% (127 of 6346 lines)
    functions..: 2.7% (8 of 299 functions)
    branches...: 4.3% (56 of 1316 branches)
[+] AFL test case: id:000080,src:000001,op:havoc,rep:32 (80 / 92), cycle: 0
    lines......: 2.0% (127 of 6346 lines)
    functions..: 2.7% (8 of 299 functions)
    branches...: 4.3% (56 of 1316 branches)
[+] AFL test case: id:000081,src:000001,op:havoc,rep:8 (81 / 92), cycle: 0
    lines......: 2.0% (127 of 6346 lines)
    functions..: 2.7% (8 of 299 functions)
    branches...: 4.3% (56 of 1316 branches)
[+] AFL test case: id:000082,src:000001,op:havoc,rep:16,+cov (82 / 92), cycle: 0
    lines......: 2.0% (127 of 6346 lines)
    functions..: 2.7% (8 of 299 functions)
    branches...: 4.3% (56 of 1316 branches)
[+] AFL test case: id:000083,src:000001,op:havoc,rep:8,+cov (83 / 92), cycle: 0
    lines......: 2.0% (127 of 6346 lines)
    functions..: 2.7% (8 of 299 functions)
    branches...: 4.3% (56 of 1316 branches)
[+] AFL test case: id:000084,src:000001,op:havoc,rep:64 (84 / 92), cycle: 0
    lines......: 2.0% (127 of 6346 lines)
    functions..: 2.7% (8 of 299 functions)
    branches...: 4.3% (56 of 1316 branches)
[+] AFL test case: id:000085,src:000001,op:havoc,rep:64 (85 / 92), cycle: 0
    lines......: 2.0% (127 of 6346 lines)
    functions..: 2.7% (8 of 299 functions)
    branches...: 4.3% (56 of 1316 branches)
[+] AFL test case: id:000086,src:000001,op:havoc,rep:64 (86 / 92), cycle: 0
    lines......: 2.0% (127 of 6346 lines)
    functions..: 2.7% (8 of 299 functions)
    branches...: 4.3% (56 of 1316 branches)
[+] AFL test case: id:000087,src:000001,op:havoc,rep:128,+cov (87 / 92), cycle: 0
    lines......: 2.0% (127 of 6346 lines)
    functions..: 2.7% (8 of 299 functions)
    branches...: 4.3% (56 of 1316 branches)
[+] AFL test case: id:000088,src:000001,op:havoc,rep:128 (88 / 92), cycle: 0
    lines......: 2.0% (127 of 6346 lines)
    functions..: 2.7% (8 of 299 functions)
    branches...: 4.3% (56 of 1316 branches)
[+] AFL test case: id:000089,src:000001,op:havoc,rep:128 (89 / 92), cycle: 0
    lines......: 2.0% (127 of 6346 lines)
    functions..: 2.7% (8 of 299 functions)
    branches...: 4.3% (56 of 1316 branches)
[+] AFL test case: id:000090,src:000001,op:havoc,rep:32 (90 / 92), cycle: 0
    lines......: 2.0% (127 of 6346 lines)
    functions..: 2.7% (8 of 299 functions)
    branches...: 4.3% (56 of 1316 branches)
[+] AFL test case: id:000091,src:000001,op:havoc,rep:128 (91 / 92), cycle: 0
    lines......: 2.0% (127 of 6346 lines)
    functions..: 2.7% (8 of 299 functions)
    branches...: 4.3% (56 of 1316 branches)

*** Imported 29 new test cases from: out/mv/queue

[+] AFL test case: id:000092,src:000001,op:havoc,rep:2,+cov (0 / 121), cycle: 0
    lines......: 2.0% (127 of 6346 lines)
    functions..: 2.7% (8 of 299 functions)
    branches...: 4.3% (56 of 1316 branches)
[+] AFL test case: id:000093,src:000001,op:havoc,rep:32 (1 / 121), cycle: 0
    lines......: 2.0% (127 of 6346 lines)
    functions..: 2.7% (8 of 299 functions)
    branches...: 4.3% (56 of 1316 branches)
[+] AFL test case: id:000094,src:000001,op:havoc,rep:16 (2 / 121), cycle: 0
    lines......: 2.0% (127 of 6346 lines)
    functions..: 2.7% (8 of 299 functions)
    branches...: 4.3% (56 of 1316 branches)
[+] AFL test case: id:000095,src:000001,op:havoc,rep:64 (3 / 121), cycle: 0
    lines......: 2.0% (127 of 6346 lines)
    functions..: 2.7% (8 of 299 functions)
    branches...: 4.3% (56 of 1316 branches)
[+] AFL test case: id:000096,src:000001,op:havoc,rep:32 (4 / 121), cycle: 0
    lines......: 2.0% (127 of 6346 lines)
    functions..: 2.7% (8 of 299 functions)
    branches...: 4.3% (56 of 1316 branches)
[+] AFL test case: id:000097,src:000001,op:havoc,rep:8,+cov (5 / 121), cycle: 0
    lines......: 2.0% (127 of 6346 lines)
    functions..: 2.7% (8 of 299 functions)
    branches...: 4.3% (56 of 1316 branches)
[+] AFL test case: id:000098,src:000001,op:havoc,rep:32 (6 / 121), cycle: 0
    lines......: 2.0% (127 of 6346 lines)
    functions..: 2.7% (8 of 299 functions)
    branches...: 4.3% (56 of 1316 branches)
[+] AFL test case: id:000099,src:000001,op:havoc,rep:8 (7 / 121), cycle: 0
    lines......: 2.0% (127 of 6346 lines)
    functions..: 2.7% (8 of 299 functions)
    branches...: 4.3% (56 of 1316 branches)
[+] AFL test case: id:000100,src:000001,op:havoc,rep:16 (8 / 121), cycle: 0
    lines......: 2.0% (127 of 6346 lines)
    functions..: 2.7% (8 of 299 functions)
    branches...: 4.3% (56 of 1316 branches)
[+] AFL test case: id:000101,src:000001,op:havoc,rep:128 (9 / 121), cycle: 0
    lines......: 2.0% (127 of 6346 lines)
    functions..: 2.7% (8 of 299 functions)
    branches...: 4.3% (56 of 1316 branches)
[+] AFL test case: id:000102,src:000001,op:havoc,rep:64 (10 / 121), cycle: 0
    lines......: 2.0% (127 of 6346 lines)
    functions..: 2.7% (8 of 299 functions)
    branches...: 4.3% (56 of 1316 branches)
[+] AFL test case: id:000103,src:000007,op:flip1,pos:3,+cov (11 / 121), cycle: 0
    lines......: 2.0% (127 of 6346 lines)
    functions..: 2.7% (8 of 299 functions)
    branches...: 4.3% (56 of 1316 branches)
[+] AFL test case: id:000104,src:000007,op:flip1,pos:4 (12 / 121), cycle: 0
    lines......: 2.0% (127 of 6346 lines)
    functions..: 2.7% (8 of 299 functions)
    branches...: 4.3% (56 of 1316 branches)
[+] AFL test case: id:000105,src:000007,op:arith8,pos:3,val:-28,+cov (13 / 121), cycle: 0
    lines......: 2.0% (127 of 6346 lines)
    functions..: 2.7% (8 of 299 functions)
    branches...: 4.3% (56 of 1316 branches)
[+] AFL test case: id:000106,src:000007,op:arith8,pos:4,val:+17 (14 / 121), cycle: 0
    lines......: 2.0% (127 of 6346 lines)
    functions..: 2.7% (8 of 299 functions)
    branches...: 4.3% (56 of 1316 branches)
[+] AFL test case: id:000107,src:000028,op:havoc,rep:128 (15 / 121), cycle: 0
    lines......: 2.0% (127 of 6346 lines)
    functions..: 2.7% (8 of 299 functions)
    branches...: 4.3% (56 of 1316 branches)
[+] AFL test case: id:000108,src:000028,op:havoc,rep:16 (16 / 121), cycle: 0
    lines......: 2.0% (127 of 6346 lines)
    functions..: 2.7% (8 of 299 functions)
    branches...: 4.3% (56 of 1316 branches)
[+] AFL test case: id:000109,src:000028,op:havoc,rep:32 (17 / 121), cycle: 0
    lines......: 2.0% (127 of 6346 lines)
    functions..: 2.7% (8 of 299 functions)
    branches...: 4.3% (56 of 1316 branches)
[+] AFL test case: id:000110,src:000028,op:havoc,rep:128 (18 / 121), cycle: 0
    lines......: 2.0% (127 of 6346 lines)
    functions..: 2.7% (8 of 299 functions)
    branches...: 4.3% (56 of 1316 branches)
[+] AFL test case: id:000111,src:000028,op:havoc,rep:32,+cov (19 / 121), cycle: 0
    lines......: 2.0% (127 of 6346 lines)
    functions..: 2.7% (8 of 299 functions)
    branches...: 4.3% (56 of 1316 branches)
[+] AFL test case: id:000112,src:000028,op:havoc,rep:64,+cov (20 / 121), cycle: 0
    lines......: 2.0% (127 of 6346 lines)
    functions..: 2.7% (8 of 299 functions)
    branches...: 4.3% (56 of 1316 branches)
[+] AFL test case: id:000113,src:000028,op:havoc,rep:128 (21 / 121), cycle: 0
    lines......: 2.0% (127 of 6346 lines)
    functions..: 2.7% (8 of 299 functions)
    branches...: 4.3% (56 of 1316 branches)
[+] AFL test case: id:000114,src:000028,op:havoc,rep:16,+cov (22 / 121), cycle: 0
    lines......: 2.0% (127 of 6346 lines)
    functions..: 2.7% (8 of 299 functions)
    branches...: 4.3% (56 of 1316 branches)
[+] AFL test case: id:000115,src:000028,op:havoc,rep:128 (23 / 121), cycle: 0
    lines......: 2.0% (127 of 6346 lines)
    functions..: 2.7% (8 of 299 functions)
    branches...: 4.3% (56 of 1316 branches)
[+] AFL test case: id:000116,src:000028,op:havoc,rep:128,+cov (24 / 121), cycle: 0
    lines......: 2.0% (129 of 6346 lines)
    functions..: 2.7% (8 of 299 functions)
    branches...: 4.5% (59 of 1316 branches)

    Coverage diff id:000115,src:000028,op:havoc,rep:128 id:000116,src:000028,op:havoc,rep:128,+cov
diff id:000115,src:000028,op:havoc,rep:128 -> id:000116,src:000028,op:havoc,rep:128,+cov
Src file: /root/coreutils/src/mv.c
  New 'line' coverage: 457
  New 'line' coverage: 461

[+] AFL test case: id:000117,src:000028,op:havoc,rep:128 (25 / 121), cycle: 0
    lines......: 2.0% (129 of 6346 lines)
    functions..: 2.7% (8 of 299 functions)
    branches...: 4.5% (59 of 1316 branches)
[+] AFL test case: id:000118,src:000028,op:havoc,rep:128 (26 / 121), cycle: 0
    lines......: 2.0% (129 of 6346 lines)
    functions..: 2.7% (8 of 299 functions)
    branches...: 4.5% (59 of 1316 branches)
[+] AFL test case: id:000119,src:000028,op:havoc,rep:8 (27 / 121), cycle: 0
    lines......: 2.0% (129 of 6346 lines)
    functions..: 2.7% (8 of 299 functions)
    branches...: 4.5% (59 of 1316 branches)
[+] AFL test case: id:000120,src:000028,op:havoc,rep:64 (28 / 121), cycle: 0
    lines......: 2.0% (129 of 6346 lines)
    functions..: 2.7% (8 of 299 functions)
    branches...: 4.5% (59 of 1316 branches)

*** Imported 11 new test cases from: out/mv/queue

[+] AFL test case: id:000121,src:000028,op:havoc,rep:64 (0 / 132), cycle: 0
    lines......: 2.0% (129 of 6346 lines)
    functions..: 2.7% (8 of 299 functions)
    branches...: 4.5% (59 of 1316 branches)
[+] AFL test case: id:000122,src:000035,op:flip2,pos:4 (1 / 132), cycle: 0
    lines......: 2.0% (129 of 6346 lines)
    functions..: 2.7% (8 of 299 functions)
    branches...: 4.5% (59 of 1316 branches)
[+] AFL test case: id:000123,src:000035,op:arith8,pos:4,val:-5 (2 / 132), cycle: 0
    lines......: 2.0% (129 of 6346 lines)
    functions..: 2.7% (8 of 299 functions)
    branches...: 4.5% (59 of 1316 branches)
[+] AFL test case: id:000124,src:000035,op:arith8,pos:4,val:-10 (3 / 132), cycle: 0
    lines......: 2.0% (129 of 6346 lines)
    functions..: 2.7% (8 of 299 functions)
    branches...: 4.5% (59 of 1316 branches)
[+] AFL test case: id:000125,src:000035,op:arith8,pos:4,val:-17 (4 / 132), cycle: 0
    lines......: 2.0% (129 of 6346 lines)
    functions..: 2.7% (8 of 299 functions)
    branches...: 4.5% (59 of 1316 branches)
[+] AFL test case: id:000126,src:000035,op:arith8,pos:4,val:-31 (5 / 132), cycle: 0
    lines......: 2.0% (129 of 6346 lines)
    functions..: 2.7% (8 of 299 functions)
    branches...: 4.5% (59 of 1316 branches)
[+] AFL test case: id:000127,src:000035,op:havoc,rep:2 (6 / 132), cycle: 0
    lines......: 2.0% (129 of 6346 lines)
    functions..: 2.7% (8 of 299 functions)
    branches...: 4.5% (59 of 1316 branches)
[+] AFL test case: id:000128,src:000035,op:havoc,rep:8,+cov (7 / 132), cycle: 0
    lines......: 2.0% (129 of 6346 lines)
    functions..: 2.7% (8 of 299 functions)
    branches...: 4.5% (59 of 1316 branches)
[+] AFL test case: id:000129,src:000035,op:havoc,rep:4 (8 / 132), cycle: 0
    lines......: 2.1% (131 of 6346 lines)
    functions..: 2.7% (8 of 299 functions)
    branches...: 4.6% (60 of 1316 branches)

    Coverage diff id:000128,src:000035,op:havoc,rep:8,+cov id:000129,src:000035,op:havoc,rep:4
diff id:000128,src:000035,op:havoc,rep:8,+cov -> id:000129,src:000035,op:havoc,rep:4
Src file: /root/coreutils/src/mv.c
  New 'line' coverage: 463
  New 'line' coverage: 464

[+] AFL test case: id:000130,src:000035,op:havoc,rep:64 (9 / 132), cycle: 0
    lines......: 2.1% (131 of 6346 lines)
    functions..: 2.7% (8 of 299 functions)
    branches...: 4.6% (60 of 1316 branches)
[+] AFL test case: id:000131,src:000035,op:havoc,rep:64 (10 / 132), cycle: 0
    lines......: 2.1% (131 of 6346 lines)
    functions..: 2.7% (8 of 299 functions)
    branches...: 4.6% (60 of 1316 branches)

*** Imported 4 new test cases from: out/mv/queue

[+] AFL test case: id:000132,src:000035,op:havoc,rep:128 (0 / 136), cycle: 0
    lines......: 2.1% (131 of 6346 lines)
    functions..: 2.7% (8 of 299 functions)
    branches...: 4.6% (60 of 1316 branches)
[+] AFL test case: id:000133,src:000035,op:havoc,rep:2 (1 / 136), cycle: 0
    lines......: 2.1% (131 of 6346 lines)
    functions..: 2.7% (8 of 299 functions)
    branches...: 4.6% (60 of 1316 branches)
[+] AFL test case: id:000134,src:000035,op:havoc,rep:8,+cov (2 / 136), cycle: 0
    lines......: 2.1% (131 of 6346 lines)
    functions..: 2.7% (8 of 299 functions)
    branches...: 4.6% (60 of 1316 branches)
[+] AFL test case: id:000135,src:000035,op:havoc,rep:2 (3 / 136), cycle: 0
    lines......: 2.1% (131 of 6346 lines)
    functions..: 2.7% (8 of 299 functions)
    branches...: 4.6% (60 of 1316 branches)

*** Imported 2 new test cases from: out/mv/queue

[+] AFL test case: id:000136,src:000035,op:havoc,rep:32 (0 / 138), cycle: 0
    lines......: 2.1% (131 of 6346 lines)
    functions..: 2.7% (8 of 299 functions)
    branches...: 4.6% (60 of 1316 branches)
[+] AFL test case: id:000137,src:000035,op:havoc,rep:4 (1 / 138), cycle: 0
    lines......: 2.1% (131 of 6346 lines)
    functions..: 2.7% (8 of 299 functions)
    branches...: 4.6% (60 of 1316 branches)
[-] No new AFL test cases, sleeping for 60 seconds

*** Imported 23 new test cases from: out/mv/queue

[+] AFL test case: id:000138,src:000035,op:havoc,rep:128 (0 / 161), cycle: 0
    lines......: 2.1% (131 of 6346 lines)
    functions..: 2.7% (8 of 299 functions)
    branches...: 4.6% (60 of 1316 branches)
[+] AFL test case: id:000139,src:000035,op:havoc,rep:4 (1 / 161), cycle: 0
    lines......: 2.1% (131 of 6346 lines)
    functions..: 2.7% (8 of 299 functions)
    branches...: 4.6% (60 of 1316 branches)
[+] AFL test case: id:000140,src:000035,op:havoc,rep:64 (2 / 161), cycle: 0
    lines......: 2.1% (131 of 6346 lines)
    functions..: 2.7% (8 of 299 functions)
    branches...: 4.6% (60 of 1316 branches)
[+] AFL test case: id:000141,src:000035,op:havoc,rep:4,+cov (3 / 161), cycle: 0
    lines......: 2.1% (131 of 6346 lines)
    functions..: 2.7% (8 of 299 functions)
    branches...: 4.6% (60 of 1316 branches)
[+] AFL test case: id:000142,src:000035,op:havoc,rep:2 (4 / 161), cycle: 0
    lines......: 2.1% (131 of 6346 lines)
    functions..: 2.7% (8 of 299 functions)
    branches...: 4.6% (60 of 1316 branches)
[+] AFL test case: id:000143,src:000035,op:havoc,rep:2 (5 / 161), cycle: 0
    lines......: 2.1% (131 of 6346 lines)
    functions..: 2.7% (8 of 299 functions)
    branches...: 4.6% (60 of 1316 branches)
[+] AFL test case: id:000144,src:000035,op:havoc,rep:2 (6 / 161), cycle: 0
    lines......: 2.1% (131 of 6346 lines)
    functions..: 2.7% (8 of 299 functions)
    branches...: 4.6% (60 of 1316 branches)
[+] AFL test case: id:000145,src:000035,op:havoc,rep:4 (7 / 161), cycle: 0
    lines......: 2.1% (131 of 6346 lines)
    functions..: 2.7% (8 of 299 functions)
    branches...: 4.6% (60 of 1316 branches)
[+] AFL test case: id:000146,src:000035,op:havoc,rep:8 (8 / 161), cycle: 0
    lines......: 2.1% (131 of 6346 lines)
    functions..: 2.7% (8 of 299 functions)
    branches...: 4.6% (60 of 1316 branches)
[+] AFL test case: id:000147,src:000085,op:havoc,rep:128 (9 / 161), cycle: 0
    lines......: 2.1% (131 of 6346 lines)
    functions..: 2.7% (8 of 299 functions)
    branches...: 4.6% (60 of 1316 branches)
[+] AFL test case: id:000148,src:000091,op:arith8,pos:8,val:-30 (10 / 161), cycle: 0
    lines......: 2.1% (131 of 6346 lines)
    functions..: 2.7% (8 of 299 functions)
    branches...: 4.6% (60 of 1316 branches)
[+] AFL test case: id:000149,src:000091,op:int32,pos:3,val:+512 (11 / 161), cycle: 0
    lines......: 2.1% (131 of 6346 lines)
    functions..: 2.7% (8 of 299 functions)
    branches...: 4.6% (60 of 1316 branches)
[+] AFL test case: id:000150,src:000092,op:havoc,rep:128 (12 / 161), cycle: 0
    lines......: 2.1% (131 of 6346 lines)
    functions..: 2.7% (8 of 299 functions)
    branches...: 4.6% (60 of 1316 branches)
[+] AFL test case: id:000151,src:000092,op:havoc,rep:2 (13 / 161), cycle: 0
    lines......: 2.1% (131 of 6346 lines)
    functions..: 2.7% (8 of 299 functions)
    branches...: 4.6% (60 of 1316 branches)
[+] AFL test case: id:000152,src:000096,op:havoc,rep:2 (14 / 161), cycle: 0
    lines......: 2.1% (131 of 6346 lines)
    functions..: 2.7% (8 of 299 functions)
    branches...: 4.6% (60 of 1316 branches)
[+] AFL test case: id:000153,src:000096,op:havoc,rep:128 (15 / 161), cycle: 0
    lines......: 2.1% (131 of 6346 lines)
    functions..: 2.7% (8 of 299 functions)
    branches...: 4.6% (60 of 1316 branches)
[+] AFL test case: id:000154,src:000097,op:havoc,rep:8 (16 / 161), cycle: 0
    lines......: 2.1% (131 of 6346 lines)
    functions..: 2.7% (8 of 299 functions)
    branches...: 4.6% (60 of 1316 branches)
[+] AFL test case: id:000155,src:000097,op:havoc,rep:128 (17 / 161), cycle: 0
    lines......: 2.1% (131 of 6346 lines)
    functions..: 2.7% (8 of 299 functions)
    branches...: 4.6% (60 of 1316 branches)
[+] AFL test case: id:000156,src:000097,op:havoc,rep:16 (18 / 161), cycle: 0
    lines......: 2.1% (131 of 6346 lines)
    functions..: 2.7% (8 of 299 functions)
    branches...: 4.6% (60 of 1316 branches)
[+] AFL test case: id:000157,src:000097,op:havoc,rep:128 (19 / 161), cycle: 0
    lines......: 2.1% (131 of 6346 lines)
    functions..: 2.7% (8 of 299 functions)
    branches...: 4.6% (60 of 1316 branches)
[+] AFL test case: id:000158,src:000097,op:havoc,rep:64 (20 / 161), cycle: 0
    lines......: 2.1% (131 of 6346 lines)
    functions..: 2.7% (8 of 299 functions)
    branches...: 4.6% (60 of 1316 branches)
[+] AFL test case: id:000159,src:000097,op:havoc,rep:8 (21 / 161), cycle: 0
    lines......: 2.1% (131 of 6346 lines)
    functions..: 2.7% (8 of 299 functions)
    branches...: 4.6% (60 of 1316 branches)
[+] AFL test case: id:000160,src:000097,op:havoc,rep:128 (22 / 161), cycle: 0
    lines......: 2.1% (131 of 6346 lines)
    functions..: 2.7% (8 of 299 functions)
    branches...: 4.6% (60 of 1316 branches)

*** Imported 1 new test cases from: out/mv/queue

[+] AFL test case: id:000161,src:000097,op:havoc,rep:32 (0 / 162), cycle: 0
    lines......: 2.1% (131 of 6346 lines)
    functions..: 2.7% (8 of 299 functions)
    branches...: 4.6% (60 of 1316 branches)

*** Imported 1 new test cases from: out/mv/queue

[+] AFL test case: id:000162,src:000097,op:havoc,rep:8 (0 / 163), cycle: 0
    lines......: 2.1% (131 of 6346 lines)
    functions..: 2.7% (8 of 299 functions)
    branches...: 4.6% (60 of 1316 branches)
[-] No new AFL test cases, sleeping for 60 seconds

*** Imported 18 new test cases from: out/mv/queue

[+] AFL test case: id:000163,src:000104,op:flip1,pos:5 (0 / 181), cycle: 0
    lines......: 2.1% (135 of 6346 lines)
    functions..: 3.0% (9 of 299 functions)
    branches...: 4.6% (61 of 1316 branches)

    Coverage diff id:000162,src:000097,op:havoc,rep:8 id:000163,src:000104,op:flip1,pos:5
diff id:000162,src:000097,op:havoc,rep:8 -> id:000163,src:000104,op:flip1,pos:5
Src file: /root/coreutils/src/copy.c
  New 'function' coverage: dest_info_init()
  New 'line' coverage: 1692
  New 'line' coverage: 1695
  New 'line' coverage: 1700
Src file: /root/coreutils/src/mv.c
  New 'line' coverage: 502

[+] AFL test case: id:000164,src:000104,op:flip2,pos:3 (1 / 181), cycle: 0
    lines......: 2.1% (135 of 6346 lines)
    functions..: 3.0% (9 of 299 functions)
    branches...: 4.6% (61 of 1316 branches)
[+] AFL test case: id:000165,src:000104,op:havoc,rep:4 (2 / 181), cycle: 0
    lines......: 2.1% (135 of 6346 lines)
    functions..: 3.0% (9 of 299 functions)
    branches...: 4.6% (61 of 1316 branches)
[+] AFL test case: id:000166,src:000104,op:havoc,rep:2 (3 / 181), cycle: 0
    lines......: 2.1% (135 of 6346 lines)
    functions..: 3.0% (9 of 299 functions)
    branches...: 4.6% (61 of 1316 branches)
[+] AFL test case: id:000167,src:000104,op:havoc,rep:8 (4 / 181), cycle: 0
    lines......: 2.1% (135 of 6346 lines)
    functions..: 3.0% (9 of 299 functions)
    branches...: 4.6% (61 of 1316 branches)
[+] AFL test case: id:000168,src:000104,op:havoc,rep:16 (5 / 181), cycle: 0
    lines......: 2.1% (135 of 6346 lines)
    functions..: 3.0% (9 of 299 functions)
    branches...: 4.6% (61 of 1316 branches)
[+] AFL test case: id:000169,src:000104,op:havoc,rep:8 (6 / 181), cycle: 0
    lines......: 2.1% (135 of 6346 lines)
    functions..: 3.0% (9 of 299 functions)
    branches...: 4.6% (61 of 1316 branches)
[+] AFL test case: id:000170,src:000104,op:havoc,rep:4 (7 / 181), cycle: 0
    lines......: 2.1% (135 of 6346 lines)
    functions..: 3.0% (9 of 299 functions)
    branches...: 4.6% (61 of 1316 branches)
[+] AFL test case: id:000171,src:000104,op:havoc,rep:2 (8 / 181), cycle: 0
    lines......: 2.1% (135 of 6346 lines)
    functions..: 3.0% (9 of 299 functions)
    branches...: 4.6% (61 of 1316 branches)
[+] AFL test case: id:000172,src:000104,op:havoc,rep:4 (9 / 181), cycle: 0
    lines......: 2.1% (135 of 6346 lines)
    functions..: 3.0% (9 of 299 functions)
    branches...: 4.6% (61 of 1316 branches)
[+] AFL test case: id:000173,src:000104,op:havoc,rep:4 (10 / 181), cycle: 0
    lines......: 2.1% (135 of 6346 lines)
    functions..: 3.0% (9 of 299 functions)
    branches...: 4.6% (61 of 1316 branches)
[+] AFL test case: id:000174,src:000104,op:havoc,rep:2 (11 / 181), cycle: 0
    lines......: 2.1% (135 of 6346 lines)
    functions..: 3.0% (9 of 299 functions)
    branches...: 4.6% (61 of 1316 branches)
[+] AFL test case: id:000175,src:000104,op:havoc,rep:4 (12 / 181), cycle: 0
    lines......: 2.1% (135 of 6346 lines)
    functions..: 3.0% (9 of 299 functions)
    branches...: 4.6% (61 of 1316 branches)
[+] AFL test case: id:000176,src:000104,op:havoc,rep:4 (13 / 181), cycle: 0
    lines......: 2.1% (135 of 6346 lines)
    functions..: 3.0% (9 of 299 functions)
    branches...: 4.6% (61 of 1316 branches)
[+] AFL test case: id:000177,src:000104,op:havoc,rep:2 (14 / 181), cycle: 0
    lines......: 2.1% (135 of 6346 lines)
    functions..: 3.0% (9 of 299 functions)
    branches...: 4.6% (61 of 1316 branches)
[+] AFL test case: id:000178,src:000104,op:havoc,rep:32 (15 / 181), cycle: 0
    lines......: 2.1% (135 of 6346 lines)
    functions..: 3.0% (9 of 299 functions)
    branches...: 4.6% (61 of 1316 branches)
[+] AFL test case: id:000179,src:000104,op:havoc,rep:64 (16 / 181), cycle: 0
    lines......: 2.1% (135 of 6346 lines)
    functions..: 3.0% (9 of 299 functions)
    branches...: 4.6% (61 of 1316 branches)
[+] AFL test case: id:000180,src:000114,op:int8,pos:4,val:+0,+cov (17 / 181), cycle: 0
    lines......: 2.1% (135 of 6346 lines)
    functions..: 3.0% (9 of 299 functions)
    branches...: 4.6% (61 of 1316 branches)

*** Imported 3 new test cases from: out/mv/queue

[+] AFL test case: id:000181,src:000117,op:int16,pos:65,val:+0 (0 / 184), cycle: 0
    lines......: 2.1% (135 of 6346 lines)
    functions..: 3.0% (9 of 299 functions)
    branches...: 4.6% (61 of 1316 branches)
[+] AFL test case: id:000182,src:000117,op:havoc,rep:8 (1 / 184), cycle: 0
    lines......: 2.1% (135 of 6346 lines)
    functions..: 3.0% (9 of 299 functions)
    branches...: 4.6% (61 of 1316 branches)
[+] AFL test case: id:000183,src:000117,op:havoc,rep:8 (2 / 184), cycle: 0
    lines......: 2.1% (135 of 6346 lines)
    functions..: 3.0% (9 of 299 functions)
    branches...: 4.6% (61 of 1316 branches)

*** Imported 1 new test cases from: out/mv/queue

[+] AFL test case: id:000184,src:000117,op:havoc,rep:32 (0 / 185), cycle: 0
    lines......: 2.1% (135 of 6346 lines)
    functions..: 3.0% (9 of 299 functions)
    branches...: 4.6% (61 of 1316 branches)
[-] No new AFL test cases, sleeping for 60 seconds

*** Imported 11 new test cases from: out/mv/queue

[+] AFL test case: id:000185,src:000117,op:havoc,rep:64 (0 / 196), cycle: 0
    lines......: 2.1% (135 of 6346 lines)
    functions..: 3.0% (9 of 299 functions)
    branches...: 4.6% (61 of 1316 branches)
[+] AFL test case: id:000186,src:000117,op:havoc,rep:16,+cov (1 / 196), cycle: 0
    lines......: 2.1% (135 of 6346 lines)
    functions..: 3.0% (9 of 299 functions)
    branches...: 4.6% (61 of 1316 branches)
[+] AFL test case: id:000187,src:000117,op:havoc,rep:64 (2 / 196), cycle: 0
    lines......: 2.1% (135 of 6346 lines)
    functions..: 3.0% (9 of 299 functions)
    branches...: 4.6% (61 of 1316 branches)
[+] AFL test case: id:000188,src:000117,op:havoc,rep:4 (3 / 196), cycle: 0
    lines......: 2.1% (135 of 6346 lines)
    functions..: 3.0% (9 of 299 functions)
    branches...: 4.6% (61 of 1316 branches)
[+] AFL test case: id:000189,src:000117,op:havoc,rep:64 (4 / 196), cycle: 0
    lines......: 2.1% (135 of 6346 lines)
    functions..: 3.0% (9 of 299 functions)
    branches...: 4.6% (61 of 1316 branches)
[+] AFL test case: id:000190,src:000117,op:havoc,rep:16 (5 / 196), cycle: 0
    lines......: 2.1% (135 of 6346 lines)
    functions..: 3.0% (9 of 299 functions)
    branches...: 4.6% (61 of 1316 branches)
[+] AFL test case: id:000191,src:000117,op:havoc,rep:16 (6 / 196), cycle: 0
    lines......: 2.1% (135 of 6346 lines)
    functions..: 3.0% (9 of 299 functions)
    branches...: 4.6% (61 of 1316 branches)
[+] AFL test case: id:000192,src:000128,op:arith8,pos:3,val:+6 (7 / 196), cycle: 0
    lines......: 2.1% (135 of 6346 lines)
    functions..: 3.0% (9 of 299 functions)
    branches...: 4.6% (61 of 1316 branches)
[+] AFL test case: id:000193,src:000128,op:arith8,pos:5,val:-6 (8 / 196), cycle: 0
    lines......: 2.1% (135 of 6346 lines)
    functions..: 3.0% (9 of 299 functions)
    branches...: 4.6% (61 of 1316 branches)
[+] AFL test case: id:000194,src:000137,op:havoc,rep:16 (9 / 196), cycle: 0
    lines......: 2.1% (135 of 6346 lines)
    functions..: 3.0% (9 of 299 functions)
    branches...: 4.6% (61 of 1316 branches)
[+] AFL test case: id:000195,src:000158,op:arith8,pos:7,val:+33 (10 / 196), cycle: 0
    lines......: 2.1% (135 of 6346 lines)
    functions..: 3.0% (9 of 299 functions)
    branches...: 4.6% (61 of 1316 branches)

*** Imported 1 new test cases from: out/mv/queue

[+] AFL test case: id:000196,src:000159,op:havoc,rep:2 (0 / 197), cycle: 0
    lines......: 2.1% (135 of 6346 lines)
    functions..: 3.0% (9 of 299 functions)
    branches...: 4.6% (61 of 1316 branches)
[-] No new AFL test cases, sleeping for 60 seconds

*** Imported 10 new test cases from: out/mv/queue

[+] AFL test case: id:000197,src:000162,op:havoc,rep:4 (0 / 207), cycle: 0
    lines......: 2.1% (135 of 6346 lines)
    functions..: 3.0% (9 of 299 functions)
    branches...: 4.6% (61 of 1316 branches)
[+] AFL test case: id:000198,src:000186,op:havoc,rep:8 (1 / 207), cycle: 0
    lines......: 2.1% (135 of 6346 lines)
    functions..: 3.0% (9 of 299 functions)
    branches...: 4.6% (61 of 1316 branches)
[+] AFL test case: id:000199,src:000186,op:havoc,rep:8 (2 / 207), cycle: 0
    lines......: 2.1% (135 of 6346 lines)
    functions..: 3.0% (9 of 299 functions)
    branches...: 4.6% (61 of 1316 branches)
[+] AFL test case: id:000200,src:000186,op:havoc,rep:64 (3 / 207), cycle: 0
    lines......: 2.1% (135 of 6346 lines)
    functions..: 3.0% (9 of 299 functions)
    branches...: 4.6% (61 of 1316 branches)
[+] AFL test case: id:000201,src:000186,op:havoc,rep:4 (4 / 207), cycle: 0
    lines......: 2.1% (135 of 6346 lines)
    functions..: 3.0% (9 of 299 functions)
    branches...: 4.6% (61 of 1316 branches)
[+] AFL test case: id:000202,src:000186,op:havoc,rep:4 (5 / 207), cycle: 0
    lines......: 2.1% (135 of 6346 lines)
    functions..: 3.0% (9 of 299 functions)
    branches...: 4.6% (61 of 1316 branches)
[+] AFL test case: id:000203,src:000186,op:havoc,rep:8 (6 / 207), cycle: 0
    lines......: 2.1% (135 of 6346 lines)
    functions..: 3.0% (9 of 299 functions)
    branches...: 4.6% (61 of 1316 branches)
[+] AFL test case: id:000204,src:000186,op:havoc,rep:32 (7 / 207), cycle: 0
    lines......: 2.1% (135 of 6346 lines)
    functions..: 3.0% (9 of 299 functions)
    branches...: 4.6% (61 of 1316 branches)
[+] AFL test case: id:000205,src:000186,op:havoc,rep:32 (8 / 207), cycle: 0
    lines......: 2.1% (135 of 6346 lines)
    functions..: 3.0% (9 of 299 functions)
    branches...: 4.6% (61 of 1316 branches)
[+] AFL test case: id:000206,src:000192,op:arith8,pos:4,val:+6 (9 / 207), cycle: 0
    lines......: 2.1% (135 of 6346 lines)
    functions..: 3.0% (9 of 299 functions)
    branches...: 4.6% (61 of 1316 branches)

*** Imported 2 new test cases from: out/mv/queue

[+] AFL test case: id:000207,src:000192,op:havoc,rep:2 (0 / 209), cycle: 0
    lines......: 2.1% (135 of 6346 lines)
    functions..: 3.0% (9 of 299 functions)
    branches...: 4.6% (61 of 1316 branches)
[+] AFL test case: id:000208,src:000192,op:havoc,rep:2 (1 / 209), cycle: 0
    lines......: 2.1% (135 of 6346 lines)
    functions..: 3.0% (9 of 299 functions)
    branches...: 4.6% (61 of 1316 branches)
[-] No new AFL test cases, sleeping for 60 seconds

*** Imported 1 new test cases from: out/mv/queue

[+] AFL test case: id:000209,src:000195,op:havoc,rep:8 (0 / 210), cycle: 0
    lines......: 2.1% (135 of 6346 lines)
    functions..: 3.0% (9 of 299 functions)
    branches...: 4.6% (61 of 1316 branches)
[-] No new AFL test cases, sleeping for 60 seconds

*** Imported 6 new test cases from: out/mv/queue

[+] AFL test case: id:000210,src:000090,op:havoc,rep:8 (0 / 216), cycle: 0
    lines......: 2.1% (135 of 6346 lines)
    functions..: 3.0% (9 of 299 functions)
    branches...: 4.6% (61 of 1316 branches)
[+] AFL test case: id:000211,src:000090,op:havoc,rep:16 (1 / 216), cycle: 0
    lines......: 2.1% (135 of 6346 lines)
    functions..: 3.0% (9 of 299 functions)
    branches...: 4.6% (61 of 1316 branches)
[+] AFL test case: id:000212,src:000090,op:havoc,rep:32 (2 / 216), cycle: 0
    lines......: 2.1% (135 of 6346 lines)
    functions..: 3.0% (9 of 299 functions)
    branches...: 4.6% (61 of 1316 branches)
[+] AFL test case: id:000213,src:000090,op:havoc,rep:32 (3 / 216), cycle: 0
    lines......: 2.1% (135 of 6346 lines)
    functions..: 3.0% (9 of 299 functions)
    branches...: 4.6% (61 of 1316 branches)
[+] AFL test case: id:000214,src:000090,op:havoc,rep:16 (4 / 216), cycle: 0
    lines......: 2.1% (135 of 6346 lines)
    functions..: 3.0% (9 of 299 functions)
    branches...: 4.6% (61 of 1316 branches)
[+] AFL test case: id:000215,src:000090,op:havoc,rep:32 (5 / 216), cycle: 0
    lines......: 2.1% (135 of 6346 lines)
    functions..: 3.0% (9 of 299 functions)
    branches...: 4.6% (61 of 1316 branches)
[-] No new AFL test cases, sleeping for 60 seconds
[+] afl-fuzz appears to be stopped...
[+] Processed 216 / 216 test cases.

[+] Final zero coverage report: out/mv/cov/zero-cov
[+] Final positive coverage report: out/mv/cov/pos-cov
    lines......: 2.1% (135 of 6346 lines)
    functions..: 3.0% (9 of 299 functions)
    branches...: 4.6% (61 of 1316 branches)
[+] Final lcov web report: out/mv/cov/web/index.html
