
*** Imported 17 new test cases from: pwd/out/queue

[+] AFL test case: id:000000,orig:in (0 / 17), cycle: 0
    lines......: 0.6% (38 of 6418 lines)
    functions..: 1.3% (4 of 303 functions)
    branches...: 15.7% (18 of 115 branches)

    Coverage diff (init) id:000000,orig:in
diff (init) -> id:000000,orig:in
New src file: /root/coreutils/src/pwd.c
  New 'function' coverage: main()
  New 'function' coverage: usage()
  New 'line' coverage: 329
  New 'line' coverage: 331
  New 'line' coverage: 336
  New 'line' coverage: 339
  New 'line' coverage: 340
  New 'line' coverage: 341
  New 'line' coverage: 342
  New 'line' coverage: 344
  New 'line' coverage: 348
  New 'line' coverage: 349
  New 'line' coverage: 351
  New 'line' coverage: 365
  New 'line' coverage: 369
  New 'line' coverage: 370
  New 'line' coverage: 372
  New 'line' coverage: 382
  New 'line' coverage: 383
  New 'line' coverage: 385
  New 'line' coverage: 386
  New 'line' coverage: 52
  New 'line' coverage: 54
  New 'line' coverage: 55
  New 'line' coverage: 75
New src file: /root/coreutils/src/system.h
  New 'function' coverage: emit_try_help()
  New 'line' coverage: 654
  New 'line' coverage: 656
  New 'line' coverage: 657
New src file: /root/afl/experimental/argv_fuzzing/argv-fuzz-inl.h
  New 'function' coverage: afl_init_argv()
  New 'line' coverage: 50
  New 'line' coverage: 55
  New 'line' coverage: 56
  New 'line' coverage: 58
  New 'line' coverage: 60
  New 'line' coverage: 62
  New 'line' coverage: 63
  New 'line' coverage: 64
  New 'line' coverage: 66
  New 'line' coverage: 67
  New 'line' coverage: 71
  New 'line' coverage: 73



++++++ BEGIN - first exec output for CMD: cat pwd/out/queue/id:000000,orig:in | LD_LIBRARY_PATH=./lib/.libs ./coreutils/src/pwd
    /root
++++++ END

[+] AFL test case: id:000001,orig:in2 (1 / 17), cycle: 0
    lines......: 0.6% (38 of 6418 lines)
    functions..: 1.3% (4 of 303 functions)
    branches...: 15.7% (18 of 115 branches)
[+] AFL test case: id:000002,orig:in3 (2 / 17), cycle: 0
    lines......: 0.6% (38 of 6418 lines)
    functions..: 1.3% (4 of 303 functions)
    branches...: 15.7% (18 of 115 branches)
[+] AFL test case: id:000003,orig:in4 (3 / 17), cycle: 0
    lines......: 0.6% (38 of 6418 lines)
    functions..: 1.3% (4 of 303 functions)
    branches...: 15.7% (18 of 115 branches)
[+] AFL test case: id:000004,src:000003,op:flip1,pos:0,+cov (4 / 17), cycle: 0
    lines......: 0.6% (38 of 6418 lines)
    functions..: 1.3% (4 of 303 functions)
    branches...: 15.7% (18 of 115 branches)
[+] AFL test case: id:000005,src:000003,op:arith8,pos:0,val:-30,+cov (5 / 17), cycle: 0
    lines......: 0.6% (38 of 6418 lines)
    functions..: 1.3% (4 of 303 functions)
    branches...: 15.7% (18 of 115 branches)
[+] AFL test case: id:000006,src:000003,op:arith8,pos:3,val:-10 (6 / 17), cycle: 0
    lines......: 0.6% (38 of 6418 lines)
    functions..: 1.3% (4 of 303 functions)
    branches...: 15.7% (18 of 115 branches)
[+] AFL test case: id:000007,src:000003,op:int8,pos:1,val:+0,+cov (7 / 17), cycle: 0
    lines......: 0.6% (38 of 6418 lines)
    functions..: 1.3% (4 of 303 functions)
    branches...: 15.7% (18 of 115 branches)
[+] AFL test case: id:000008,src:000003,op:int16,pos:0,val:be:+512,+cov (8 / 17), cycle: 0
    lines......: 0.6% (40 of 6418 lines)
    functions..: 1.3% (4 of 303 functions)
    branches...: 16.5% (19 of 115 branches)

    Coverage diff id:000007,src:000003,op:int8,pos:1,val:+0,+cov id:000008,src:000003,op:int16,pos:0,val:be:+512,+cov
diff id:000007,src:000003,op:int8,pos:1,val:+0,+cov -> id:000008,src:000003,op:int16,pos:0,val:be:+512,+cov
Src file: /root/coreutils/src/pwd.c
  New 'line' coverage: 357
  New 'line' coverage: 358

[+] AFL test case: id:000009,src:000003,op:int16,pos:1,val:+512,+cov (9 / 17), cycle: 0
    lines......: 0.6% (40 of 6418 lines)
    functions..: 1.3% (4 of 303 functions)
    branches...: 16.5% (19 of 115 branches)
[+] AFL test case: id:000010,src:000003,op:int16,pos:2,val:+512,+cov (10 / 17), cycle: 0
    lines......: 0.6% (40 of 6418 lines)
    functions..: 1.3% (4 of 303 functions)
    branches...: 16.5% (19 of 115 branches)
[+] AFL test case: id:000011,src:000003,op:havoc,rep:128 (11 / 17), cycle: 0
    lines......: 0.6% (40 of 6418 lines)
    functions..: 1.3% (4 of 303 functions)
    branches...: 16.5% (19 of 115 branches)
[+] AFL test case: id:000012,src:000003,op:havoc,rep:64 (12 / 17), cycle: 0
    lines......: 0.6% (40 of 6418 lines)
    functions..: 1.3% (4 of 303 functions)
    branches...: 16.5% (19 of 115 branches)
[+] AFL test case: id:000013,src:000003,op:havoc,rep:16 (13 / 17), cycle: 0
    lines......: 0.6% (40 of 6418 lines)
    functions..: 1.3% (4 of 303 functions)
    branches...: 16.5% (19 of 115 branches)
[+] AFL test case: id:000014,src:000003,op:havoc,rep:64 (14 / 17), cycle: 0
    lines......: 0.6% (40 of 6418 lines)
    functions..: 1.3% (4 of 303 functions)
    branches...: 16.5% (19 of 115 branches)
[+] AFL test case: id:000015,src:000003,op:havoc,rep:16,+cov (15 / 17), cycle: 0
    lines......: 0.6% (40 of 6418 lines)
    functions..: 1.3% (4 of 303 functions)
    branches...: 16.5% (19 of 115 branches)
[+] AFL test case: id:000016,src:000003,op:havoc,rep:64 (16 / 17), cycle: 0
    lines......: 0.6% (40 of 6418 lines)
    functions..: 1.3% (4 of 303 functions)
    branches...: 16.5% (19 of 115 branches)

*** Imported 5 new test cases from: pwd/out/queue

[+] AFL test case: id:000017,src:000003,op:havoc,rep:128 (0 / 22), cycle: 0
    lines......: 0.6% (40 of 6418 lines)
    functions..: 1.3% (4 of 303 functions)
    branches...: 16.5% (19 of 115 branches)
[+] AFL test case: id:000018,src:000003,op:havoc,rep:128 (1 / 22), cycle: 0
    lines......: 0.6% (40 of 6418 lines)
    functions..: 1.3% (4 of 303 functions)
    branches...: 16.5% (19 of 115 branches)
[+] AFL test case: id:000019,src:000003,op:havoc,rep:128 (2 / 22), cycle: 0
    lines......: 0.6% (40 of 6418 lines)
    functions..: 1.3% (4 of 303 functions)
    branches...: 16.5% (19 of 115 branches)
[+] AFL test case: id:000020,src:000003,op:havoc,rep:8,+cov (3 / 22), cycle: 0
    lines......: 0.6% (40 of 6418 lines)
    functions..: 1.3% (4 of 303 functions)
    branches...: 16.5% (19 of 115 branches)
[+] AFL test case: id:000021,src:000003,op:havoc,rep:128 (4 / 22), cycle: 0
    lines......: 0.6% (40 of 6418 lines)
    functions..: 1.3% (4 of 303 functions)
    branches...: 16.5% (19 of 115 branches)

*** Imported 2 new test cases from: pwd/out/queue

[+] AFL test case: id:000022,src:000003,op:havoc,rep:4 (0 / 24), cycle: 0
    lines......: 0.6% (40 of 6418 lines)
    functions..: 1.3% (4 of 303 functions)
    branches...: 16.5% (19 of 115 branches)
[+] AFL test case: id:000023,src:000003,op:havoc,rep:32 (1 / 24), cycle: 0
    lines......: 0.6% (40 of 6418 lines)
    functions..: 1.3% (4 of 303 functions)
    branches...: 16.5% (19 of 115 branches)
[-] No new AFL test cases, sleeping for 60 seconds

*** Imported 15 new test cases from: pwd/out/queue

[+] AFL test case: id:000024,src:000008,op:havoc,rep:8 (0 / 39), cycle: 0
    lines......: 0.8% (49 of 6418 lines)
    functions..: 1.7% (5 of 303 functions)
    branches...: 25.2% (29 of 115 branches)

    Coverage diff id:000023,src:000003,op:havoc,rep:32 id:000024,src:000008,op:havoc,rep:8
diff id:000023,src:000003,op:havoc,rep:32 -> id:000024,src:000008,op:havoc,rep:8
Src file: /root/coreutils/src/pwd.c
  New 'function' coverage: logical_getcwd()
  New 'line' coverage: 302
  New 'line' coverage: 306
  New 'line' coverage: 310
  New 'line' coverage: 313
  New 'line' coverage: 322
  New 'line' coverage: 374
  New 'line' coverage: 375
  New 'line' coverage: 377
  New 'line' coverage: 378

[+] AFL test case: id:000025,src:000009,op:havoc,rep:2 (1 / 39), cycle: 0
    lines......: 0.8% (49 of 6418 lines)
    functions..: 1.7% (5 of 303 functions)
    branches...: 25.2% (29 of 115 branches)
[+] AFL test case: id:000026,src:000010,op:havoc,rep:64 (2 / 39), cycle: 0
    lines......: 0.8% (49 of 6418 lines)
    functions..: 1.7% (5 of 303 functions)
    branches...: 25.2% (29 of 115 branches)
[+] AFL test case: id:000027,src:000022,op:arith8,pos:6,val:-4,+cov (3 / 39), cycle: 0
    lines......: 0.8% (49 of 6418 lines)
    functions..: 1.7% (5 of 303 functions)
    branches...: 25.2% (29 of 115 branches)
[+] AFL test case: id:000028,src:000027,op:flip1,pos:7,+cov (4 / 39), cycle: 0
    lines......: 0.8% (49 of 6418 lines)
    functions..: 1.7% (5 of 303 functions)
    branches...: 25.2% (29 of 115 branches)
[+] AFL test case: id:000029,src:000027,op:havoc,rep:2 (5 / 39), cycle: 0
    lines......: 0.8% (49 of 6418 lines)
    functions..: 1.7% (5 of 303 functions)
    branches...: 25.2% (29 of 115 branches)
[+] AFL test case: id:000030,src:000016,op:havoc,rep:32 (6 / 39), cycle: 0
    lines......: 0.8% (49 of 6418 lines)
    functions..: 1.7% (5 of 303 functions)
    branches...: 25.2% (29 of 115 branches)
[+] AFL test case: id:000031,src:000019,op:havoc,rep:16 (7 / 39), cycle: 0
    lines......: 0.8% (49 of 6418 lines)
    functions..: 1.7% (5 of 303 functions)
    branches...: 25.2% (29 of 115 branches)
[+] AFL test case: id:000032,src:000021,op:havoc,rep:4 (8 / 39), cycle: 0
    lines......: 0.8% (49 of 6418 lines)
    functions..: 1.7% (5 of 303 functions)
    branches...: 25.2% (29 of 115 branches)
[+] AFL test case: id:000033,src:000021,op:havoc,rep:32 (9 / 39), cycle: 0
    lines......: 0.8% (49 of 6418 lines)
    functions..: 1.7% (5 of 303 functions)
    branches...: 25.2% (29 of 115 branches)
[+] AFL test case: id:000034,src:000021,op:havoc,rep:16 (10 / 39), cycle: 0
    lines......: 0.8% (49 of 6418 lines)
    functions..: 1.7% (5 of 303 functions)
    branches...: 25.2% (29 of 115 branches)
[+] AFL test case: id:000035,src:000021,op:havoc,rep:16 (11 / 39), cycle: 0
    lines......: 0.8% (49 of 6418 lines)
    functions..: 1.7% (5 of 303 functions)
    branches...: 25.2% (29 of 115 branches)
[+] AFL test case: id:000036,src:000029,op:havoc,rep:8 (12 / 39), cycle: 0
    lines......: 0.8% (49 of 6418 lines)
    functions..: 1.7% (5 of 303 functions)
    branches...: 25.2% (29 of 115 branches)
[+] AFL test case: id:000037,src:000029,op:havoc,rep:2 (13 / 39), cycle: 0
    lines......: 0.8% (49 of 6418 lines)
    functions..: 1.7% (5 of 303 functions)
    branches...: 25.2% (29 of 115 branches)
[+] AFL test case: id:000038,src:000020,op:havoc,rep:4 (14 / 39), cycle: 0
    lines......: 0.8% (49 of 6418 lines)
    functions..: 1.7% (5 of 303 functions)
    branches...: 25.2% (29 of 115 branches)
[-] No new AFL test cases, sleeping for 60 seconds

*** Imported 5 new test cases from: pwd/out/queue

[+] AFL test case: id:000039,src:000034,op:havoc,rep:16 (0 / 44), cycle: 0
    lines......: 0.8% (49 of 6418 lines)
    functions..: 1.7% (5 of 303 functions)
    branches...: 25.2% (29 of 115 branches)
[+] AFL test case: id:000040,src:000037,op:havoc,rep:2 (1 / 44), cycle: 0
    lines......: 0.8% (49 of 6418 lines)
    functions..: 1.7% (5 of 303 functions)
    branches...: 25.2% (29 of 115 branches)
[+] AFL test case: id:000041,src:000037,op:havoc,rep:8 (2 / 44), cycle: 0
    lines......: 0.8% (49 of 6418 lines)
    functions..: 1.7% (5 of 303 functions)
    branches...: 25.2% (29 of 115 branches)
[+] AFL test case: id:000042,src:000037,op:havoc,rep:4 (3 / 44), cycle: 0
    lines......: 0.8% (49 of 6418 lines)
    functions..: 1.7% (5 of 303 functions)
    branches...: 25.2% (29 of 115 branches)
[+] AFL test case: id:000043,src:000042,op:havoc,rep:2 (4 / 44), cycle: 0
    lines......: 0.8% (49 of 6418 lines)
    functions..: 1.7% (5 of 303 functions)
    branches...: 25.2% (29 of 115 branches)
[-] No new AFL test cases, sleeping for 60 seconds

*** Imported 2 new test cases from: pwd/out/queue

[+] AFL test case: id:000044,src:000010+000020,op:splice,rep:2 (0 / 46), cycle: 0
    lines......: 0.8% (49 of 6418 lines)
    functions..: 1.7% (5 of 303 functions)
    branches...: 25.2% (29 of 115 branches)
[+] AFL test case: id:000045,src:000032,op:havoc,rep:2 (1 / 46), cycle: 0
    lines......: 0.8% (49 of 6418 lines)
    functions..: 1.7% (5 of 303 functions)
    branches...: 25.2% (29 of 115 branches)
[-] No new AFL test cases, sleeping for 60 seconds

*** Imported 5 new test cases from: pwd/out/queue

[+] AFL test case: id:000046,src:000044,op:havoc,rep:4 (0 / 51), cycle: 0
    lines......: 0.8% (49 of 6418 lines)
    functions..: 1.7% (5 of 303 functions)
    branches...: 25.2% (29 of 115 branches)
[+] AFL test case: id:000047,src:000044+000039,op:splice,rep:16 (1 / 51), cycle: 0
    lines......: 0.8% (49 of 6418 lines)
    functions..: 1.7% (5 of 303 functions)
    branches...: 25.2% (29 of 115 branches)
[+] AFL test case: id:000048,src:000046,op:havoc,rep:4 (2 / 51), cycle: 0
    lines......: 0.8% (49 of 6418 lines)
    functions..: 1.7% (5 of 303 functions)
    branches...: 25.2% (29 of 115 branches)
[+] AFL test case: id:000049,src:000046,op:havoc,rep:2 (3 / 51), cycle: 0
    lines......: 0.8% (49 of 6418 lines)
    functions..: 1.7% (5 of 303 functions)
    branches...: 25.2% (29 of 115 branches)
[+] AFL test case: id:000050,src:000047,op:havoc,rep:2 (4 / 51), cycle: 0
    lines......: 0.8% (49 of 6418 lines)
    functions..: 1.7% (5 of 303 functions)
    branches...: 25.2% (29 of 115 branches)
[-] No new AFL test cases, sleeping for 60 seconds
[-] No new AFL test cases, sleeping for 60 seconds

*** Imported 2 new test cases from: pwd/out/queue

[+] AFL test case: id:000051,src:000001+000015,op:splice,rep:8,+cov (0 / 53), cycle: 0
    lines......: 1.1% (73 of 6418 lines)
    functions..: 2.0% (6 of 303 functions)
    branches...: 33.9% (39 of 115 branches)

    Coverage diff id:000050,src:000047,op:havoc,rep:2 id:000051,src:000001+000015,op:splice,rep:8,+cov
diff id:000050,src:000047,op:havoc,rep:2 -> id:000051,src:000001+000015,op:splice,rep:8,+cov
Src file: /root/coreutils/src/pwd.c
  New 'line' coverage: 360
  New 'line' coverage: 362
  New 'line' coverage: 58
  New 'line' coverage: 59
  New 'line' coverage: 63
  New 'line' coverage: 67
  New 'line' coverage: 68
  New 'line' coverage: 69
  New 'line' coverage: 72
  New 'line' coverage: 73
Src file: /root/coreutils/src/system.h
  New 'function' coverage: emit_ancillary_info()
  New 'line' coverage: 612
  New 'line' coverage: 614
  New 'line' coverage: 624
  New 'line' coverage: 625
  New 'line' coverage: 627
  New 'line' coverage: 628
  New 'line' coverage: 630
  New 'line' coverage: 633
  New 'line' coverage: 637
  New 'line' coverage: 638
  New 'line' coverage: 644
  New 'line' coverage: 647
  New 'line' coverage: 649
  New 'line' coverage: 651

[+] AFL test case: id:000052,src:000051,op:flip4,pos:6,+cov (1 / 53), cycle: 0
    lines......: 1.1% (73 of 6418 lines)
    functions..: 2.0% (6 of 303 functions)
    branches...: 33.9% (39 of 115 branches)
[-] No new AFL test cases, sleeping for 60 seconds
[-] No new AFL test cases, sleeping for 60 seconds
[-] No new AFL test cases, sleeping for 60 seconds
[-] No new AFL test cases, sleeping for 60 seconds

*** Imported 4 new test cases from: pwd/out/queue

[+] AFL test case: id:000053,src:000009+000043,op:splice,rep:2 (0 / 57), cycle: 0
    lines......: 1.1% (73 of 6418 lines)
    functions..: 2.0% (6 of 303 functions)
    branches...: 33.9% (39 of 115 branches)
[+] AFL test case: id:000054,src:000015,op:havoc,rep:128 (1 / 57), cycle: 0
    lines......: 1.1% (73 of 6418 lines)
    functions..: 2.0% (6 of 303 functions)
    branches...: 33.9% (39 of 115 branches)
[+] AFL test case: id:000055,src:000015+000054,op:splice,rep:128 (2 / 57), cycle: 0
    lines......: 1.1% (73 of 6418 lines)
    functions..: 2.0% (6 of 303 functions)
    branches...: 33.9% (39 of 115 branches)
[+] AFL test case: id:000056,src:000015+000054,op:splice,rep:32 (3 / 57), cycle: 0
    lines......: 1.1% (73 of 6418 lines)
    functions..: 2.0% (6 of 303 functions)
    branches...: 33.9% (39 of 115 branches)
[-] No new AFL test cases, sleeping for 60 seconds
[-] No new AFL test cases, sleeping for 60 seconds

*** Imported 1 new test cases from: pwd/out/queue

[+] AFL test case: id:000057,src:000056,op:havoc,rep:16 (0 / 58), cycle: 0
    lines......: 1.1% (73 of 6418 lines)
    functions..: 2.0% (6 of 303 functions)
    branches...: 33.9% (39 of 115 branches)
[-] No new AFL test cases, sleeping for 60 seconds

*** Imported 2 new test cases from: pwd/out/queue

[+] AFL test case: id:000058,src:000057,op:havoc,rep:32 (0 / 60), cycle: 0
    lines......: 1.1% (73 of 6418 lines)
    functions..: 2.0% (6 of 303 functions)
    branches...: 33.9% (39 of 115 branches)
[+] AFL test case: id:000059,src:000057,op:havoc,rep:64 (1 / 60), cycle: 0
    lines......: 1.1% (73 of 6418 lines)
    functions..: 2.0% (6 of 303 functions)
    branches...: 33.9% (39 of 115 branches)
[-] No new AFL test cases, sleeping for 60 seconds

*** Imported 1 new test cases from: pwd/out/queue

[+] AFL test case: id:000060,src:000028+000048,op:splice,rep:4 (0 / 61), cycle: 0
    lines......: 1.1% (73 of 6418 lines)
    functions..: 2.0% (6 of 303 functions)
    branches...: 33.9% (39 of 115 branches)
[-] No new AFL test cases, sleeping for 60 seconds
[+] afl-fuzz appears to be stopped...
[+] Processed 61 / 61 test cases.

[+] Final zero coverage report: pwd/out/cov/zero-cov
[+] Final positive coverage report: pwd/out/cov/pos-cov
    lines......: 1.1% (73 of 6418 lines)
    functions..: 2.0% (6 of 303 functions)
    branches...: 33.9% (39 of 115 branches)
[+] Final lcov web report: pwd/out/cov/web/index.html
